  [1m[35m (614.3ms)[0m  [1m[35mCREATE DATABASE "assemble_development" ENCODING = 'unicode'[0m
  [1m[35m (213.1ms)[0m  [1m[35mCREATE DATABASE "assemble_test" ENCODING = 'unicode'[0m
Started GET "/" for ::1 at 2020-09-02 09:23:03 -0700
Processing by Rails::WelcomeController#index as HTML
  Rendering /Users/learnacademy/.rvm/gems/ruby-2.7.0/gems/railties-6.0.3.2/lib/rails/templates/rails/welcome/index.html.erb
  Rendered /Users/learnacademy/.rvm/gems/ruby-2.7.0/gems/railties-6.0.3.2/lib/rails/templates/rails/welcome/index.html.erb (Duration: 16.0ms | Allocations: 409)
Completed 200 OK in 45ms (Views: 27.1ms | ActiveRecord: 0.0ms | Allocations: 2523)


Started GET "/" for ::1 at 2020-09-02 09:26:37 -0700
Processing by HomeController#index as HTML
  Rendering home/index.html.erb within layouts/application
  Rendered home/index.html.erb within layouts/application (Duration: 0.8ms | Allocations: 160)
[Webpacker] Compiling...
[Webpacker] Compiled all packs in /Users/learnacademy/Desktop/capstone/assemble/assemble/public/packs
[Webpacker] Hash: a8e09bac61b54a5ca862
Version: webpack 4.44.1
Time: 12295ms
Built at: 09/02/2020 9:26:53 AM
                                          Asset      Size            Chunks                         Chunk Names
         js/application-a02381842f7e09f72e67.js  1.32 MiB       application  [emitted] [immutable]  application
     js/application-a02381842f7e09f72e67.js.map  1.52 MiB       application  [emitted] [dev]        application
         js/hello_react-c196b2e94914baf5f1b7.js  1.05 MiB       hello_react  [emitted] [immutable]  hello_react
     js/hello_react-c196b2e94914baf5f1b7.js.map  1.21 MiB       hello_react  [emitted] [dev]        hello_react
    js/server_rendering-411bbe71c78b254022ba.js  1.21 MiB  server_rendering  [emitted] [immutable]  server_rendering
js/server_rendering-411bbe71c78b254022ba.js.map  1.39 MiB  server_rendering  [emitted] [dev]        server_rendering
                                  manifest.json  1.05 KiB                    [emitted]              
Entrypoint application = js/application-a02381842f7e09f72e67.js js/application-a02381842f7e09f72e67.js.map
Entrypoint hello_react = js/hello_react-c196b2e94914baf5f1b7.js js/hello_react-c196b2e94914baf5f1b7.js.map
Entrypoint server_rendering = js/server_rendering-411bbe71c78b254022ba.js js/server_rendering-411bbe71c78b254022ba.js.map
[./app/javascript/channels sync recursive _channel\.js$] ./app/javascript/channels sync _channel\.js$ 160 bytes {application} [built]
[./app/javascript/channels/index.js] 211 bytes {application} [built]
[./app/javascript/components sync recursive ^\.\/.*$] ./app/javascript/components sync ^\.\/.*$ 183 bytes {application} {server_rendering} [built]
[./app/javascript/packs/application.js] 968 bytes {application} [built]
[./app/javascript/packs/hello_react.jsx] 1.08 KiB {hello_react} [built]
[./app/javascript/packs/server_rendering.js] 301 bytes {server_rendering} [built]
[./node_modules/webpack/buildin/module.js] (webpack)/buildin/module.js 552 bytes {application} [built]
    + 31 hidden modules

Completed 200 OK in 15828ms (Views: 15826.1ms | ActiveRecord: 0.0ms | Allocations: 19215)


  [1m[35m (71.8ms)[0m  [1m[35mCREATE TABLE "schema_migrations" ("version" character varying NOT NULL PRIMARY KEY)[0m
  [1m[35m (3.4ms)[0m  [1m[35mCREATE TABLE "ar_internal_metadata" ("key" character varying NOT NULL PRIMARY KEY, "value" character varying, "created_at" timestamp(6) NOT NULL, "updated_at" timestamp(6) NOT NULL)[0m
  [1m[35m (2.3ms)[0m  [1m[34mSELECT pg_try_advisory_lock(6078868620721667715)[0m
  [1m[35m (1.3ms)[0m  [1m[34mSELECT "schema_migrations"."version" FROM "schema_migrations" ORDER BY "schema_migrations"."version" ASC[0m
Migrating to DeviseCreateUsers (20200902201211)
  [1m[35m (24.4ms)[0m  [1m[35mBEGIN[0m
  [1m[35m (9.0ms)[0m  [1m[35mCREATE TABLE "users" ("id" bigserial primary key, "email" character varying DEFAULT '' NOT NULL, "encrypted_password" character varying DEFAULT '' NOT NULL, "reset_password_token" character varying, "reset_password_sent_at" timestamp, "remember_created_at" timestamp, "created_at" timestamp(6) NOT NULL, "updated_at" timestamp(6) NOT NULL)[0m
  [1m[35m (1.5ms)[0m  [1m[35mCREATE UNIQUE INDEX  "index_users_on_email" ON "users"  ("email")[0m
  [1m[35m (1.4ms)[0m  [1m[35mCREATE UNIQUE INDEX  "index_users_on_reset_password_token" ON "users"  ("reset_password_token")[0m
  [1m[36mprimary::SchemaMigration Create (5.2ms)[0m  [1m[32mINSERT INTO "schema_migrations" ("version") VALUES ($1) RETURNING "version"[0m  [["version", "20200902201211"]]
  [1m[35m (0.6ms)[0m  [1m[35mCOMMIT[0m
  [1m[36mActiveRecord::InternalMetadata Load (2.8ms)[0m  [1m[34mSELECT "ar_internal_metadata".* FROM "ar_internal_metadata" WHERE "ar_internal_metadata"."key" = $1 LIMIT $2[0m  [["key", "environment"], ["LIMIT", 1]]
  [1m[35m (0.2ms)[0m  [1m[35mBEGIN[0m
  [1m[36mActiveRecord::InternalMetadata Create (1.8ms)[0m  [1m[32mINSERT INTO "ar_internal_metadata" ("key", "value", "created_at", "updated_at") VALUES ($1, $2, $3, $4) RETURNING "key"[0m  [["key", "environment"], ["value", "development"], ["created_at", "2020-09-02 20:12:27.327383"], ["updated_at", "2020-09-02 20:12:27.327383"]]
  [1m[35m (0.4ms)[0m  [1m[35mCOMMIT[0m
  [1m[35m (26.7ms)[0m  [1m[34mSELECT pg_advisory_unlock(6078868620721667715)[0m
  [1m[35m (0.7ms)[0m  [1m[34mSELECT "schema_migrations"."version" FROM "schema_migrations" ORDER BY "schema_migrations"."version" ASC[0m
  [1m[35m (1.5ms)[0m  [1m[34mSELECT pg_try_advisory_lock(6078868620721667715)[0m
  [1m[35m (1.5ms)[0m  [1m[34mSELECT "schema_migrations"."version" FROM "schema_migrations" ORDER BY "schema_migrations"."version" ASC[0m
Migrating to AddingFirstAndLastNameToUsers (20200902201444)
  [1m[35m (20.8ms)[0m  [1m[35mBEGIN[0m
  [1m[35m (2.5ms)[0m  [1m[35mALTER TABLE "users" ADD "first_name" character varying[0m
  [1m[35m (0.5ms)[0m  [1m[35mALTER TABLE "users" ADD "last_name" character varying[0m
  [1m[36mprimary::SchemaMigration Create (0.7ms)[0m  [1m[32mINSERT INTO "schema_migrations" ("version") VALUES ($1) RETURNING "version"[0m  [["version", "20200902201444"]]
  [1m[35m (0.6ms)[0m  [1m[35mCOMMIT[0m
  [1m[36mActiveRecord::InternalMetadata Load (0.3ms)[0m  [1m[34mSELECT "ar_internal_metadata".* FROM "ar_internal_metadata" WHERE "ar_internal_metadata"."key" = $1 LIMIT $2[0m  [["key", "environment"], ["LIMIT", 1]]
  [1m[35m (0.5ms)[0m  [1m[34mSELECT pg_advisory_unlock(6078868620721667715)[0m
  [1m[35m (1.1ms)[0m  [1m[34mSELECT "schema_migrations"."version" FROM "schema_migrations" ORDER BY "schema_migrations"."version" ASC[0m
  [1m[35m (0.2ms)[0m  [1m[34mSELECT pg_try_advisory_lock(6078868620721667715)[0m
  [1m[35m (1.6ms)[0m  [1m[34mSELECT "schema_migrations"."version" FROM "schema_migrations" ORDER BY "schema_migrations"."version" ASC[0m
Migrating to CreateProjects (20200902201837)
  [1m[35m (0.2ms)[0m  [1m[35mBEGIN[0m
  [1m[35m (31.3ms)[0m  [1m[35mCREATE TABLE "projects" ("id" bigserial primary key, "name" character varying, "description" text, "created_at" timestamp(6) NOT NULL, "updated_at" timestamp(6) NOT NULL)[0m
  [1m[36mprimary::SchemaMigration Create (0.7ms)[0m  [1m[32mINSERT INTO "schema_migrations" ("version") VALUES ($1) RETURNING "version"[0m  [["version", "20200902201837"]]
  [1m[35m (1.0ms)[0m  [1m[35mCOMMIT[0m
  [1m[36mActiveRecord::InternalMetadata Load (0.7ms)[0m  [1m[34mSELECT "ar_internal_metadata".* FROM "ar_internal_metadata" WHERE "ar_internal_metadata"."key" = $1 LIMIT $2[0m  [["key", "environment"], ["LIMIT", 1]]
  [1m[35m (0.3ms)[0m  [1m[34mSELECT pg_advisory_unlock(6078868620721667715)[0m
  [1m[35m (1.2ms)[0m  [1m[34mSELECT "schema_migrations"."version" FROM "schema_migrations" ORDER BY "schema_migrations"."version" ASC[0m
  [1m[35m (0.2ms)[0m  [1m[34mSELECT pg_try_advisory_lock(6078868620721667715)[0m
  [1m[35m (0.9ms)[0m  [1m[34mSELECT "schema_migrations"."version" FROM "schema_migrations" ORDER BY "schema_migrations"."version" ASC[0m
Migrating to CreateTechnologies (20200902202046)
  [1m[35m (23.7ms)[0m  [1m[35mBEGIN[0m
  [1m[35m (5.7ms)[0m  [1m[35mCREATE TABLE "technologies" ("id" bigserial primary key, "name" character varying, "category" character varying, "created_at" timestamp(6) NOT NULL, "updated_at" timestamp(6) NOT NULL)[0m
  [1m[36mprimary::SchemaMigration Create (0.5ms)[0m  [1m[32mINSERT INTO "schema_migrations" ("version") VALUES ($1) RETURNING "version"[0m  [["version", "20200902202046"]]
  [1m[35m (0.7ms)[0m  [1m[35mCOMMIT[0m
  [1m[36mActiveRecord::InternalMetadata Load (0.5ms)[0m  [1m[34mSELECT "ar_internal_metadata".* FROM "ar_internal_metadata" WHERE "ar_internal_metadata"."key" = $1 LIMIT $2[0m  [["key", "environment"], ["LIMIT", 1]]
  [1m[35m (23.0ms)[0m  [1m[34mSELECT pg_advisory_unlock(6078868620721667715)[0m
  [1m[35m (0.8ms)[0m  [1m[34mSELECT "schema_migrations"."version" FROM "schema_migrations" ORDER BY "schema_migrations"."version" ASC[0m
  [1m[35m (0.2ms)[0m  [1m[34mSELECT pg_try_advisory_lock(6078868620721667715)[0m
  [1m[35m (26.8ms)[0m  [1m[34mSELECT "schema_migrations"."version" FROM "schema_migrations" ORDER BY "schema_migrations"."version" ASC[0m
Migrating to CreateMembers (20200902203233)
  [1m[35m (0.3ms)[0m  [1m[35mBEGIN[0m
  [1m[35m (6.9ms)[0m  [1m[35mCREATE TABLE "members" ("id" bigserial primary key, "user_id" integer, "project_id" integer, "is_owner" boolean, "created_at" timestamp(6) NOT NULL, "updated_at" timestamp(6) NOT NULL)[0m
  [1m[36mprimary::SchemaMigration Create (24.0ms)[0m  [1m[32mINSERT INTO "schema_migrations" ("version") VALUES ($1) RETURNING "version"[0m  [["version", "20200902203233"]]
  [1m[35m (1.6ms)[0m  [1m[35mCOMMIT[0m
Migrating to CreateProjectTechnologies (20200902203636)
  [1m[35m (0.5ms)[0m  [1m[35mBEGIN[0m
  [1m[35m (2.3ms)[0m  [1m[35mCREATE TABLE "project_technologies" ("id" bigserial primary key, "project_id" integer, "technology_id" integer, "created_at" timestamp(6) NOT NULL, "updated_at" timestamp(6) NOT NULL)[0m
  [1m[36mprimary::SchemaMigration Create (0.5ms)[0m  [1m[32mINSERT INTO "schema_migrations" ("version") VALUES ($1) RETURNING "version"[0m  [["version", "20200902203636"]]
  [1m[35m (0.5ms)[0m  [1m[35mCOMMIT[0m
Migrating to CreateUserTechnologies (20200902203721)
  [1m[35m (0.3ms)[0m  [1m[35mBEGIN[0m
  [1m[35m (4.5ms)[0m  [1m[35mCREATE TABLE "user_technologies" ("id" bigserial primary key, "user_id" integer, "technology_id" integer, "created_at" timestamp(6) NOT NULL, "updated_at" timestamp(6) NOT NULL)[0m
  [1m[36mprimary::SchemaMigration Create (0.4ms)[0m  [1m[32mINSERT INTO "schema_migrations" ("version") VALUES ($1) RETURNING "version"[0m  [["version", "20200902203721"]]
  [1m[35m (24.9ms)[0m  [1m[35mCOMMIT[0m
  [1m[36mActiveRecord::InternalMetadata Load (0.9ms)[0m  [1m[34mSELECT "ar_internal_metadata".* FROM "ar_internal_metadata" WHERE "ar_internal_metadata"."key" = $1 LIMIT $2[0m  [["key", "environment"], ["LIMIT", 1]]
  [1m[35m (0.3ms)[0m  [1m[34mSELECT pg_advisory_unlock(6078868620721667715)[0m
  [1m[35m (0.7ms)[0m  [1m[34mSELECT "schema_migrations"."version" FROM "schema_migrations" ORDER BY "schema_migrations"."version" ASC[0m
Started GET "/" for ::1 at 2020-09-02 14:47:23 -0700
  
ActiveRecord::NoDatabaseError (FATAL:  database "assemble_development" does not exist
):
  
activerecord (6.0.3.2) lib/active_record/connection_adapters/postgresql_adapter.rb:50:in `rescue in postgresql_connection'
activerecord (6.0.3.2) lib/active_record/connection_adapters/postgresql_adapter.rb:33:in `postgresql_connection'
activerecord (6.0.3.2) lib/active_record/connection_adapters/abstract/connection_pool.rb:887:in `new_connection'
activerecord (6.0.3.2) lib/active_record/connection_adapters/abstract/connection_pool.rb:931:in `checkout_new_connection'
activerecord (6.0.3.2) lib/active_record/connection_adapters/abstract/connection_pool.rb:910:in `try_to_checkout_new_connection'
activerecord (6.0.3.2) lib/active_record/connection_adapters/abstract/connection_pool.rb:871:in `acquire_connection'
activerecord (6.0.3.2) lib/active_record/connection_adapters/abstract/connection_pool.rb:593:in `checkout'
activerecord (6.0.3.2) lib/active_record/connection_adapters/abstract/connection_pool.rb:437:in `connection'
activerecord (6.0.3.2) lib/active_record/connection_adapters/abstract/connection_pool.rb:1119:in `retrieve_connection'
activerecord (6.0.3.2) lib/active_record/connection_handling.rb:221:in `retrieve_connection'
activerecord (6.0.3.2) lib/active_record/connection_handling.rb:189:in `connection'
activerecord (6.0.3.2) lib/active_record/migration.rb:562:in `call'
actionpack (6.0.3.2) lib/action_dispatch/middleware/callbacks.rb:27:in `block in call'
activesupport (6.0.3.2) lib/active_support/callbacks.rb:101:in `run_callbacks'
actionpack (6.0.3.2) lib/action_dispatch/middleware/callbacks.rb:26:in `call'
actionpack (6.0.3.2) lib/action_dispatch/middleware/executor.rb:14:in `call'
actionpack (6.0.3.2) lib/action_dispatch/middleware/actionable_exceptions.rb:17:in `call'
actionpack (6.0.3.2) lib/action_dispatch/middleware/debug_exceptions.rb:32:in `call'
web-console (4.0.4) lib/web_console/middleware.rb:132:in `call_app'
web-console (4.0.4) lib/web_console/middleware.rb:28:in `block in call'
web-console (4.0.4) lib/web_console/middleware.rb:17:in `catch'
web-console (4.0.4) lib/web_console/middleware.rb:17:in `call'
actionpack (6.0.3.2) lib/action_dispatch/middleware/show_exceptions.rb:33:in `call'
railties (6.0.3.2) lib/rails/rack/logger.rb:37:in `call_app'
railties (6.0.3.2) lib/rails/rack/logger.rb:26:in `block in call'
activesupport (6.0.3.2) lib/active_support/tagged_logging.rb:80:in `block in tagged'
activesupport (6.0.3.2) lib/active_support/tagged_logging.rb:28:in `tagged'
activesupport (6.0.3.2) lib/active_support/tagged_logging.rb:80:in `tagged'
railties (6.0.3.2) lib/rails/rack/logger.rb:26:in `call'
sprockets-rails (3.2.1) lib/sprockets/rails/quiet_assets.rb:13:in `call'
actionpack (6.0.3.2) lib/action_dispatch/middleware/remote_ip.rb:81:in `call'
actionpack (6.0.3.2) lib/action_dispatch/middleware/request_id.rb:27:in `call'
rack (2.2.3) lib/rack/method_override.rb:24:in `call'
rack (2.2.3) lib/rack/runtime.rb:22:in `call'
activesupport (6.0.3.2) lib/active_support/cache/strategy/local_cache_middleware.rb:29:in `call'
actionpack (6.0.3.2) lib/action_dispatch/middleware/executor.rb:14:in `call'
actionpack (6.0.3.2) lib/action_dispatch/middleware/static.rb:126:in `call'
rack (2.2.3) lib/rack/sendfile.rb:110:in `call'
actionpack (6.0.3.2) lib/action_dispatch/middleware/host_authorization.rb:82:in `call'
webpacker (4.3.0) lib/webpacker/dev_server_proxy.rb:23:in `perform_request'
rack-proxy (0.6.5) lib/rack/proxy.rb:57:in `call'
railties (6.0.3.2) lib/rails/engine.rb:527:in `call'
puma (4.3.5) lib/puma/configuration.rb:228:in `call'
puma (4.3.5) lib/puma/server.rb:713:in `handle_request'
puma (4.3.5) lib/puma/server.rb:472:in `process_client'
puma (4.3.5) lib/puma/server.rb:328:in `block in run'
puma (4.3.5) lib/puma/thread_pool.rb:134:in `block in spawn_thread'
  [1m[35m (694.4ms)[0m  [1m[35mCREATE DATABASE "assemble_development" ENCODING = 'unicode'[0m
  [1m[35m (208.1ms)[0m  [1m[35mCREATE DATABASE "assemble_test" ENCODING = 'unicode'[0m
  [1m[35m (58.4ms)[0m  [1m[35mCREATE TABLE "schema_migrations" ("version" character varying NOT NULL PRIMARY KEY)[0m
  [1m[35m (4.3ms)[0m  [1m[35mCREATE TABLE "ar_internal_metadata" ("key" character varying NOT NULL PRIMARY KEY, "value" character varying, "created_at" timestamp(6) NOT NULL, "updated_at" timestamp(6) NOT NULL)[0m
  [1m[35m (0.6ms)[0m  [1m[34mSELECT pg_try_advisory_lock(6078868620721667715)[0m
  [1m[35m (0.8ms)[0m  [1m[34mSELECT "schema_migrations"."version" FROM "schema_migrations" ORDER BY "schema_migrations"."version" ASC[0m
Migrating to DeviseCreateUsers (20200902201211)
  [1m[35m (0.3ms)[0m  [1m[35mBEGIN[0m
  [1m[35m (6.4ms)[0m  [1m[35mCREATE TABLE "users" ("id" bigserial primary key, "email" character varying DEFAULT '' NOT NULL, "encrypted_password" character varying DEFAULT '' NOT NULL, "reset_password_token" character varying, "reset_password_sent_at" timestamp, "remember_created_at" timestamp, "created_at" timestamp(6) NOT NULL, "updated_at" timestamp(6) NOT NULL)[0m
  [1m[35m (4.5ms)[0m  [1m[35mCREATE UNIQUE INDEX  "index_users_on_email" ON "users"  ("email")[0m
  [1m[35m (1.5ms)[0m  [1m[35mCREATE UNIQUE INDEX  "index_users_on_reset_password_token" ON "users"  ("reset_password_token")[0m
  [1m[36mprimary::SchemaMigration Create (1.2ms)[0m  [1m[32mINSERT INTO "schema_migrations" ("version") VALUES ($1) RETURNING "version"[0m  [["version", "20200902201211"]]
  [1m[35m (0.7ms)[0m  [1m[35mCOMMIT[0m
Migrating to AddingFirstAndLastNameToUsers (20200902201444)
  [1m[35m (25.7ms)[0m  [1m[35mBEGIN[0m
  [1m[35m (0.9ms)[0m  [1m[35mALTER TABLE "users" ADD "first_name" character varying[0m
  [1m[35m (0.4ms)[0m  [1m[35mALTER TABLE "users" ADD "last_name" character varying[0m
  [1m[36mprimary::SchemaMigration Create (0.3ms)[0m  [1m[32mINSERT INTO "schema_migrations" ("version") VALUES ($1) RETURNING "version"[0m  [["version", "20200902201444"]]
  [1m[35m (0.5ms)[0m  [1m[35mCOMMIT[0m
Migrating to CreateProjects (20200902201837)
  [1m[35m (0.2ms)[0m  [1m[35mBEGIN[0m
  [1m[35m (4.8ms)[0m  [1m[35mCREATE TABLE "projects" ("id" bigserial primary key, "name" character varying, "description" text, "created_at" timestamp(6) NOT NULL, "updated_at" timestamp(6) NOT NULL)[0m
  [1m[36mprimary::SchemaMigration Create (0.4ms)[0m  [1m[32mINSERT INTO "schema_migrations" ("version") VALUES ($1) RETURNING "version"[0m  [["version", "20200902201837"]]
  [1m[35m (0.7ms)[0m  [1m[35mCOMMIT[0m
Migrating to CreateTechnologies (20200902202046)
  [1m[35m (23.2ms)[0m  [1m[35mBEGIN[0m
  [1m[35m (4.5ms)[0m  [1m[35mCREATE TABLE "technologies" ("id" bigserial primary key, "name" character varying, "category" character varying, "created_at" timestamp(6) NOT NULL, "updated_at" timestamp(6) NOT NULL)[0m
  [1m[36mprimary::SchemaMigration Create (0.3ms)[0m  [1m[32mINSERT INTO "schema_migrations" ("version") VALUES ($1) RETURNING "version"[0m  [["version", "20200902202046"]]
  [1m[35m (0.6ms)[0m  [1m[35mCOMMIT[0m
Migrating to CreateMembers (20200902203233)
  [1m[35m (0.4ms)[0m  [1m[35mBEGIN[0m
  [1m[35m (3.1ms)[0m  [1m[35mCREATE TABLE "members" ("id" bigserial primary key, "user_id" integer, "project_id" integer, "is_owner" boolean, "created_at" timestamp(6) NOT NULL, "updated_at" timestamp(6) NOT NULL)[0m
  [1m[36mprimary::SchemaMigration Create (27.6ms)[0m  [1m[32mINSERT INTO "schema_migrations" ("version") VALUES ($1) RETURNING "version"[0m  [["version", "20200902203233"]]
  [1m[35m (1.0ms)[0m  [1m[35mCOMMIT[0m
Migrating to CreateProjectTechnologies (20200902203636)
  [1m[35m (0.4ms)[0m  [1m[35mBEGIN[0m
  [1m[35m (3.5ms)[0m  [1m[35mCREATE TABLE "project_technologies" ("id" bigserial primary key, "project_id" integer, "technology_id" integer, "created_at" timestamp(6) NOT NULL, "updated_at" timestamp(6) NOT NULL)[0m
  [1m[36mprimary::SchemaMigration Create (0.5ms)[0m  [1m[32mINSERT INTO "schema_migrations" ("version") VALUES ($1) RETURNING "version"[0m  [["version", "20200902203636"]]
  [1m[35m (0.6ms)[0m  [1m[35mCOMMIT[0m
Migrating to CreateUserTechnologies (20200902203721)
  [1m[35m (25.6ms)[0m  [1m[35mBEGIN[0m
  [1m[35m (5.0ms)[0m  [1m[35mCREATE TABLE "user_technologies" ("id" bigserial primary key, "user_id" integer, "technology_id" integer, "created_at" timestamp(6) NOT NULL, "updated_at" timestamp(6) NOT NULL)[0m
  [1m[36mprimary::SchemaMigration Create (0.4ms)[0m  [1m[32mINSERT INTO "schema_migrations" ("version") VALUES ($1) RETURNING "version"[0m  [["version", "20200902203721"]]
  [1m[35m (1.1ms)[0m  [1m[35mCOMMIT[0m
  [1m[36mActiveRecord::InternalMetadata Load (1.6ms)[0m  [1m[34mSELECT "ar_internal_metadata".* FROM "ar_internal_metadata" WHERE "ar_internal_metadata"."key" = $1 LIMIT $2[0m  [["key", "environment"], ["LIMIT", 1]]
  [1m[35m (0.2ms)[0m  [1m[35mBEGIN[0m
  [1m[36mActiveRecord::InternalMetadata Create (2.1ms)[0m  [1m[32mINSERT INTO "ar_internal_metadata" ("key", "value", "created_at", "updated_at") VALUES ($1, $2, $3, $4) RETURNING "key"[0m  [["key", "environment"], ["value", "development"], ["created_at", "2020-09-02 21:48:22.395112"], ["updated_at", "2020-09-02 21:48:22.395112"]]
  [1m[35m (0.6ms)[0m  [1m[35mCOMMIT[0m
  [1m[35m (0.5ms)[0m  [1m[34mSELECT pg_advisory_unlock(6078868620721667715)[0m
  [1m[35m (1.0ms)[0m  [1m[34mSELECT "schema_migrations"."version" FROM "schema_migrations" ORDER BY "schema_migrations"."version" ASC[0m
Started GET "/" for ::1 at 2020-09-02 14:48:35 -0700
  [1m[35m (0.8ms)[0m  [1m[34mSELECT "schema_migrations"."version" FROM "schema_migrations" ORDER BY "schema_migrations"."version" ASC[0m
Processing by HomeController#index as HTML
  Rendering home/index.html.erb within layouts/application
  Rendered home/index.html.erb within layouts/application (Duration: 3.3ms | Allocations: 270)
DEPRECATION WARNING: autoprefixer-rails was deprected. Migration guide:
https://github.com/ai/autoprefixer-rails/wiki/Deprecated (called from _app_views_layouts_application_html_erb__3597791998854546888_25640 at /Users/learnacademy/Desktop/assemble/assemble_app/app/views/layouts/application.html.erb:8)
[Webpacker] Compiling...
[Webpacker] Compiled all packs in /Users/learnacademy/Desktop/assemble/assemble_app/public/packs
[Webpacker] Hash: 7dd7617e2dc07914bf77
Version: webpack 4.44.1
Time: 15217ms
Built at: 09/02/2020 2:48:59 PM
                                          Asset      Size            Chunks                         Chunk Names
         js/application-a93eb3739d13486cf50a.js  1.34 MiB       application  [emitted] [immutable]  application
     js/application-a93eb3739d13486cf50a.js.map  1.52 MiB       application  [emitted] [dev]        application
         js/hello_react-a7c4ae2a120ddafdff9a.js  1.05 MiB       hello_react  [emitted] [immutable]  hello_react
     js/hello_react-a7c4ae2a120ddafdff9a.js.map  1.21 MiB       hello_react  [emitted] [dev]        hello_react
    js/server_rendering-f13b693f70ae7c19f9fb.js  1.23 MiB  server_rendering  [emitted] [immutable]  server_rendering
js/server_rendering-f13b693f70ae7c19f9fb.js.map  1.39 MiB  server_rendering  [emitted] [dev]        server_rendering
                                  manifest.json  1.05 KiB                    [emitted]              
Entrypoint application = js/application-a93eb3739d13486cf50a.js js/application-a93eb3739d13486cf50a.js.map
Entrypoint hello_react = js/hello_react-a7c4ae2a120ddafdff9a.js js/hello_react-a7c4ae2a120ddafdff9a.js.map
Entrypoint server_rendering = js/server_rendering-f13b693f70ae7c19f9fb.js js/server_rendering-f13b693f70ae7c19f9fb.js.map
[./app/javascript/channels sync recursive _channel\.js$] ./app/javascript/channels sync _channel\.js$ 160 bytes {application} [built]
[./app/javascript/channels/index.js] 211 bytes {application} [built]
[./app/javascript/components sync recursive ^\.\/.*$] ./app/javascript/components sync ^\.\/.*$ 588 bytes {application} {server_rendering} [built]
[./app/javascript/packs/application.js] 968 bytes {application} [built]
[./app/javascript/packs/hello_react.jsx] 1.08 KiB {hello_react} [built]
[./app/javascript/packs/server_rendering.js] 301 bytes {server_rendering} [built]
[./node_modules/webpack/buildin/module.js] (webpack)/buildin/module.js 552 bytes {application} [built]
    + 40 hidden modules

Completed 200 OK in 23871ms (Views: 23864.3ms | ActiveRecord: 0.0ms | Allocations: 97228)


Started GET "/users/sign_in" for ::1 at 2020-09-02 14:49:13 -0700
Processing by Devise::SessionsController#new as HTML
  Rendering /Users/learnacademy/.rvm/gems/ruby-2.7.0/gems/devise-4.7.2/app/views/devise/sessions/new.html.erb within layouts/application
  Rendered /Users/learnacademy/.rvm/gems/ruby-2.7.0/gems/devise-4.7.2/app/views/devise/shared/_links.html.erb (Duration: 2.2ms | Allocations: 595)
  Rendered /Users/learnacademy/.rvm/gems/ruby-2.7.0/gems/devise-4.7.2/app/views/devise/sessions/new.html.erb within layouts/application (Duration: 50.8ms | Allocations: 7572)
[Webpacker] Everything's up-to-date. Nothing to do
Completed 200 OK in 99ms (Views: 67.2ms | ActiveRecord: 11.4ms | Allocations: 22828)


Started GET "/users/sign_up" for ::1 at 2020-09-02 14:49:20 -0700
Processing by Devise::RegistrationsController#new as HTML
  Rendering /Users/learnacademy/.rvm/gems/ruby-2.7.0/gems/devise-4.7.2/app/views/devise/registrations/new.html.erb within layouts/application
  Rendered /Users/learnacademy/.rvm/gems/ruby-2.7.0/gems/devise-4.7.2/app/views/devise/shared/_error_messages.html.erb (Duration: 1.3ms | Allocations: 197)
  Rendered /Users/learnacademy/.rvm/gems/ruby-2.7.0/gems/devise-4.7.2/app/views/devise/shared/_links.html.erb (Duration: 0.5ms | Allocations: 120)
  Rendered /Users/learnacademy/.rvm/gems/ruby-2.7.0/gems/devise-4.7.2/app/views/devise/registrations/new.html.erb within layouts/application (Duration: 7.6ms | Allocations: 1884)
[Webpacker] Everything's up-to-date. Nothing to do
Completed 200 OK in 31ms (Views: 28.7ms | ActiveRecord: 0.0ms | Allocations: 10567)


  [1m[35m (0.2ms)[0m  [1m[34mSELECT pg_try_advisory_lock(6078868620721667715)[0m
  [1m[35m (2.0ms)[0m  [1m[34mSELECT "schema_migrations"."version" FROM "schema_migrations" ORDER BY "schema_migrations"."version" ASC[0m
  [1m[36mActiveRecord::InternalMetadata Load (0.9ms)[0m  [1m[34mSELECT "ar_internal_metadata".* FROM "ar_internal_metadata" WHERE "ar_internal_metadata"."key" = $1 LIMIT $2[0m  [["key", "environment"], ["LIMIT", 1]]
  [1m[35m (22.4ms)[0m  [1m[34mSELECT pg_advisory_unlock(6078868620721667715)[0m
  [1m[35m (0.7ms)[0m  [1m[34mSELECT "schema_migrations"."version" FROM "schema_migrations" ORDER BY "schema_migrations"."version" ASC[0m
Started GET "/" for ::1 at 2020-09-02 15:04:03 -0700
Processing by HomeController#index as HTML
  Rendering home/index.html.erb within layouts/application
  Rendered home/index.html.erb within layouts/application (Duration: 1.3ms | Allocations: 155)
[Webpacker] Everything's up-to-date. Nothing to do
Completed 200 OK in 25ms (Views: 23.5ms | ActiveRecord: 0.0ms | Allocations: 8805)


Started GET "/" for ::1 at 2020-09-02 15:55:19 -0700
  [1m[35m (2.0ms)[0m  [1m[34mSELECT "schema_migrations"."version" FROM "schema_migrations" ORDER BY "schema_migrations"."version" ASC[0m
Processing by HomeController#index as HTML
  Rendering home/index.html.erb within layouts/application
  Rendered home/index.html.erb within layouts/application (Duration: 1.9ms | Allocations: 270)
[Webpacker] Compiling...
[Webpacker] Compilation failed:
Hash: c38713a08d04eb714343
Version: webpack 4.44.1
Time: 13064ms
Built at: 09/02/2020 3:55:36 PM
                                          Asset      Size            Chunks                         Chunk Names
         js/application-2bcba395be1201bb7d3f.js   2.2 MiB       application  [emitted] [immutable]  application
     js/application-2bcba395be1201bb7d3f.js.map  2.17 MiB       application  [emitted] [dev]        application
         js/hello_react-a7c4ae2a120ddafdff9a.js  1.05 MiB       hello_react  [emitted] [immutable]  hello_react
     js/hello_react-a7c4ae2a120ddafdff9a.js.map  1.21 MiB       hello_react  [emitted] [dev]        hello_react
    js/server_rendering-cfa5f983e755a60fcea9.js  2.08 MiB  server_rendering  [emitted] [immutable]  server_rendering
js/server_rendering-cfa5f983e755a60fcea9.js.map  2.04 MiB  server_rendering  [emitted] [dev]        server_rendering
                                  manifest.json  1.05 KiB                    [emitted]              
Entrypoint application = js/application-2bcba395be1201bb7d3f.js js/application-2bcba395be1201bb7d3f.js.map
Entrypoint hello_react = js/hello_react-a7c4ae2a120ddafdff9a.js js/hello_react-a7c4ae2a120ddafdff9a.js.map
Entrypoint server_rendering = js/server_rendering-cfa5f983e755a60fcea9.js js/server_rendering-cfa5f983e755a60fcea9.js.map
[./app/javascript/channels sync recursive _channel\.js$] ./app/javascript/channels sync _channel\.js$ 160 bytes {application} [built]
[./app/javascript/channels/index.js] 211 bytes {application} [built]
[./app/javascript/components sync recursive ^\.\/.*$] ./app/javascript/components sync ^\.\/.*$ 506 bytes {application} {server_rendering} [built]
[./app/javascript/packs/application.js] 968 bytes {application} [built]
[./app/javascript/packs/hello_react.jsx] 1.08 KiB {hello_react} [built]
[./app/javascript/packs/server_rendering.js] 301 bytes {server_rendering} [built]
[./node_modules/webpack/buildin/amd-options.js] (webpack)/buildin/amd-options.js 80 bytes {application} {server_rendering} [built]
[./node_modules/webpack/buildin/global.js] (webpack)/buildin/global.js 905 bytes {application} {server_rendering} [built]
[./node_modules/webpack/buildin/module.js] (webpack)/buildin/module.js 552 bytes {application} [built]
    + 211 hidden modules

ERROR in ./app/javascript/components/Pages/Landing.js
Module not found: Error: Can't resolve '../components/Header' in '/Users/learnacademy/Desktop/assemble/assemble_app/app/javascript/components/Pages'
 @ ./app/javascript/components/Pages/Landing.js 24:0-42 49:42-48
 @ ./app/javascript/components sync ^\.\/.*$
 @ ./app/javascript/packs/application.js

ERROR in ../node_modules/mini-create-react-context/dist/esm/index.js
Module not found: Error: Can't resolve 'react' in '/Users/learnacademy/Desktop/assemble/node_modules/mini-create-react-context/dist/esm'
 @ ../node_modules/mini-create-react-context/dist/esm/index.js 1:0-41 101:4-13 164:4-13 173:12-17
 @ ../node_modules/react-router/esm/react-router.js
 @ ../node_modules/react-router-dom/esm/react-router-dom.js
 @ ./app/javascript/components/Pages/Landing.js
 @ ./app/javascript/components sync ^\.\/.*$
 @ ./app/javascript/packs/application.js

ERROR in ../node_modules/react-router-dom/esm/react-router-dom.js
Module not found: Error: Can't resolve 'react' in '/Users/learnacademy/Desktop/assemble/node_modules/react-router-dom/esm'
 @ ../node_modules/react-router-dom/esm/react-router-dom.js 4:0-26 33:24-29 40:2-7 78:24-29 85:2-7 112:17-22 159:22-27 178:22-27 200:24-29 223:19-24 260:22-27 291:24-29
 @ ./app/javascript/components/Pages/Landing.js
 @ ./app/javascript/components sync ^\.\/.*$
 @ ./app/javascript/packs/application.js

ERROR in ../node_modules/react-router/esm/react-router.js
Module not found: Error: Can't resolve 'react' in '/Users/learnacademy/Desktop/assemble/node_modules/react-router/esm'
 @ ../node_modules/react-router/esm/react-router.js 2:0-26 92:24-29 99:20-25 106:2-7 142:24-29 149:2-7 191:2-7 201:22-27 205:24-29 274:22-27 289:24-29 396:9-14 421:24-29 442:26-31 444:214-219 449:2-7 586:24-29 593:2-7 623:24-29 631:6-11 632:42-47 640:34-39 648:2-7 673:24-29 675:26-31 693:17-22
 @ ../node_modules/react-router-dom/esm/react-router-dom.js
 @ ./app/javascript/components/Pages/Landing.js
 @ ./app/javascript/components sync ^\.\/.*$
 @ ./app/javascript/packs/application.js


warning ../package.json: No license field

Completed 200 OK in 16220ms (Views: 16216.1ms | ActiveRecord: 0.0ms | Allocations: 18486)


Started GET "/" for ::1 at 2020-09-02 16:19:10 -0700
  [1m[35m (0.7ms)[0m  [1m[34mSELECT "schema_migrations"."version" FROM "schema_migrations" ORDER BY "schema_migrations"."version" ASC[0m
Processing by HomeController#index as HTML
  Rendering home/index.html.erb within layouts/application
  Rendered home/index.html.erb within layouts/application (Duration: 4.7ms | Allocations: 270)
[Webpacker] Compiling...
[Webpacker] Compilation failed:
Hash: dc8bdc51cba73685a68c
Version: webpack 4.44.1
Time: 7772ms
Built at: 09/02/2020 4:19:21 PM
                                          Asset      Size            Chunks                         Chunk Names
         js/application-d992733b5ded34aa6667.js  2.16 MiB       application  [emitted] [immutable]  application
     js/application-d992733b5ded34aa6667.js.map  2.13 MiB       application  [emitted] [dev]        application
         js/hello_react-a7c4ae2a120ddafdff9a.js  1.05 MiB       hello_react  [emitted] [immutable]  hello_react
     js/hello_react-a7c4ae2a120ddafdff9a.js.map  1.21 MiB       hello_react  [emitted] [dev]        hello_react
    js/server_rendering-f4832b2faaad5b3d265f.js  2.04 MiB  server_rendering  [emitted] [immutable]  server_rendering
js/server_rendering-f4832b2faaad5b3d265f.js.map     2 MiB  server_rendering  [emitted] [dev]        server_rendering
                                  manifest.json  1.05 KiB                    [emitted]              
Entrypoint application = js/application-d992733b5ded34aa6667.js js/application-d992733b5ded34aa6667.js.map
Entrypoint hello_react = js/hello_react-a7c4ae2a120ddafdff9a.js js/hello_react-a7c4ae2a120ddafdff9a.js.map
Entrypoint server_rendering = js/server_rendering-f4832b2faaad5b3d265f.js js/server_rendering-f4832b2faaad5b3d265f.js.map
[./app/javascript/channels sync recursive _channel\.js$] ./app/javascript/channels sync _channel\.js$ 160 bytes {application} [built]
[./app/javascript/channels/index.js] 211 bytes {application} [built]
[./app/javascript/components sync recursive ^\.\/.*$] ./app/javascript/components sync ^\.\/.*$ 506 bytes {application} {server_rendering} [built]
[./app/javascript/packs/application.js] 968 bytes {application} [built]
[./app/javascript/packs/hello_react.jsx] 1.08 KiB {hello_react} [built]
[./app/javascript/packs/server_rendering.js] 301 bytes {server_rendering} [built]
[./node_modules/webpack/buildin/amd-options.js] (webpack)/buildin/amd-options.js 80 bytes {application} {server_rendering} [built]
[./node_modules/webpack/buildin/global.js] (webpack)/buildin/global.js 905 bytes {application} {server_rendering} [built]
[./node_modules/webpack/buildin/module.js] (webpack)/buildin/module.js 552 bytes {application} [built]
    + 201 hidden modules

ERROR in ./app/javascript/components/Pages/Landing.js
Module not found: Error: Can't resolve '../components/Header' in '/Users/learnacademy/Desktop/assemble/assemble_app/app/javascript/components/Pages'
 @ ./app/javascript/components/Pages/Landing.js 24:0-42 49:42-48
 @ ./app/javascript/components sync ^\.\/.*$
 @ ./app/javascript/packs/application.js

Completed 200 OK in 11034ms (Views: 11030.6ms | ActiveRecord: 0.0ms | Allocations: 18483)


