  [1m[35m (614.3ms)[0m  [1m[35mCREATE DATABASE "assemble_development" ENCODING = 'unicode'[0m
  [1m[35m (213.1ms)[0m  [1m[35mCREATE DATABASE "assemble_test" ENCODING = 'unicode'[0m
Started GET "/" for ::1 at 2020-09-02 09:23:03 -0700
Processing by Rails::WelcomeController#index as HTML
  Rendering /Users/learnacademy/.rvm/gems/ruby-2.7.0/gems/railties-6.0.3.2/lib/rails/templates/rails/welcome/index.html.erb
  Rendered /Users/learnacademy/.rvm/gems/ruby-2.7.0/gems/railties-6.0.3.2/lib/rails/templates/rails/welcome/index.html.erb (Duration: 16.0ms | Allocations: 409)
Completed 200 OK in 45ms (Views: 27.1ms | ActiveRecord: 0.0ms | Allocations: 2523)


Started GET "/" for ::1 at 2020-09-02 09:26:37 -0700
Processing by HomeController#index as HTML
  Rendering home/index.html.erb within layouts/application
  Rendered home/index.html.erb within layouts/application (Duration: 0.8ms | Allocations: 160)
[Webpacker] Compiling...
[Webpacker] Compiled all packs in /Users/learnacademy/Desktop/capstone/assemble/assemble/public/packs
[Webpacker] Hash: a8e09bac61b54a5ca862
Version: webpack 4.44.1
Time: 12295ms
Built at: 09/02/2020 9:26:53 AM
                                          Asset      Size            Chunks                         Chunk Names
         js/application-a02381842f7e09f72e67.js  1.32 MiB       application  [emitted] [immutable]  application
     js/application-a02381842f7e09f72e67.js.map  1.52 MiB       application  [emitted] [dev]        application
         js/hello_react-c196b2e94914baf5f1b7.js  1.05 MiB       hello_react  [emitted] [immutable]  hello_react
     js/hello_react-c196b2e94914baf5f1b7.js.map  1.21 MiB       hello_react  [emitted] [dev]        hello_react
    js/server_rendering-411bbe71c78b254022ba.js  1.21 MiB  server_rendering  [emitted] [immutable]  server_rendering
js/server_rendering-411bbe71c78b254022ba.js.map  1.39 MiB  server_rendering  [emitted] [dev]        server_rendering
                                  manifest.json  1.05 KiB                    [emitted]              
Entrypoint application = js/application-a02381842f7e09f72e67.js js/application-a02381842f7e09f72e67.js.map
Entrypoint hello_react = js/hello_react-c196b2e94914baf5f1b7.js js/hello_react-c196b2e94914baf5f1b7.js.map
Entrypoint server_rendering = js/server_rendering-411bbe71c78b254022ba.js js/server_rendering-411bbe71c78b254022ba.js.map
[./app/javascript/channels sync recursive _channel\.js$] ./app/javascript/channels sync _channel\.js$ 160 bytes {application} [built]
[./app/javascript/channels/index.js] 211 bytes {application} [built]
[./app/javascript/components sync recursive ^\.\/.*$] ./app/javascript/components sync ^\.\/.*$ 183 bytes {application} {server_rendering} [built]
[./app/javascript/packs/application.js] 968 bytes {application} [built]
[./app/javascript/packs/hello_react.jsx] 1.08 KiB {hello_react} [built]
[./app/javascript/packs/server_rendering.js] 301 bytes {server_rendering} [built]
[./node_modules/webpack/buildin/module.js] (webpack)/buildin/module.js 552 bytes {application} [built]
    + 31 hidden modules

Completed 200 OK in 15828ms (Views: 15826.1ms | ActiveRecord: 0.0ms | Allocations: 19215)


